# JRE version: OpenJDK Runtime Environment (8.0_152-b01) (build 1.8.0_152-release-1343-b01)
# Java VM: OpenJDK 64-Bit Server VM (25.152-b01 mixed mode windows-amd64 compressed oops)
Heap:
 PSYoungGen      total 253440K, used 244863K [0x00000000e0000000, 0x00000000f2200000, 0x0000000100000000)
  eden space 223232K, 99% used [0x00000000e0000000,0x00000000ed9a6278,0x00000000eda00000)
  from space 30208K, 72% used [0x00000000ef880000,0x00000000f0df9c00,0x00000000f1600000)
  to   space 31232K, 99% used [0x00000000eda00000,0x00000000ef87d3d8,0x00000000ef880000)
 ParOldGen       total 136192K, used 76763K [0x00000000a0000000, 0x00000000a8500000, 0x00000000e0000000)
  object space 136192K, 56% used [0x00000000a0000000,0x00000000a4af6e30,0x00000000a8500000)
 Metaspace       used 86064K, capacity 90088K, committed 90264K, reserved 1128448K
  class space    used 10952K, capacity 11685K, committed 11688K, reserved 1048576K
GC Heap History (10 events):
Event: 448.486 GC heap after
Heap after GC invocations=19 (full 3):
 PSYoungGen      total 234496K, used 18182K [0x00000000e0000000, 0x00000000f0400000, 0x0000000100000000)
  eden space 210432K, 0% used [0x00000000e0000000,0x00000000e0000000,0x00000000ecd80000)
  from space 24064K, 75% used [0x00000000ee600000,0x00000000ef7c1a28,0x00000000efd80000)
  to   space 25088K, 0% used [0x00000000ecd80000,0x00000000ecd80000,0x00000000ee600000)
 ParOldGen       total 136192K, used 62145K [0x00000000a0000000, 0x00000000a8500000, 0x00000000e0000000)
  object space 136192K, 45% used [0x00000000a0000000,0x00000000a3cb0600,0x00000000a8500000)
 Metaspace       used 82420K, capacity 85914K, committed 86168K, reserved 1124352K
  class space    used 10675K, capacity 11320K, committed 11432K, reserved 1048576K
}
Event: 565.317 GC heap before
{Heap before GC invocations=20 (full 3):
 PSYoungGen      total 234496K, used 228614K [0x00000000e0000000, 0x00000000f0400000, 0x0000000100000000)
  eden space 210432K, 100% used [0x00000000e0000000,0x00000000ecd80000,0x00000000ecd80000)
  from space 24064K, 75% used [0x00000000ee600000,0x00000000ef7c1a28,0x00000000efd80000)
  to   space 25088K, 0% used [0x00000000ecd80000,0x00000000ecd80000,0x00000000ee600000)
 ParOldGen       total 136192K, used 62145K [0x00000000a0000000, 0x00000000a8500000, 0x00000000e0000000)
  object space 136192K, 45% used [0x00000000a0000000,0x00000000a3cb0600,0x00000000a8500000)
 Metaspace       used 83099K, capacity 86810K, committed 86936K, reserved 1124352K
  class space    used 10736K, capacity 11430K, committed 11432K, reserved 1048576K
Event: 565.342 GC heap after
Heap after GC invocations=20 (full 3):
 PSYoungGen      total 235520K, used 9125K [0x00000000e0000000, 0x00000000f0c00000, 0x0000000100000000)
  eden space 210432K, 0% used [0x00000000e0000000,0x00000000e0000000,0x00000000ecd80000)
  from space 25088K, 36% used [0x00000000ecd80000,0x00000000ed669730,0x00000000ee600000)
  to   space 24576K, 0% used [0x00000000ef400000,0x00000000ef400000,0x00000000f0c00000)
 ParOldGen       total 136192K, used 62153K [0x00000000a0000000, 0x00000000a8500000, 0x00000000e0000000)
  object space 136192K, 45% used [0x00000000a0000000,0x00000000a3cb2600,0x00000000a8500000)
 Metaspace       used 83099K, capacity 86810K, committed 86936K, reserved 1124352K
  class space    used 10736K, capacity 11430K, committed 11432K, reserved 1048576K
}
Event: 915.756 GC heap before
{Heap before GC invocations=21 (full 3):
 PSYoungGen      total 235520K, used 219557K [0x00000000e0000000, 0x00000000f0c00000, 0x0000000100000000)
  eden space 210432K, 100% used [0x00000000e0000000,0x00000000ecd80000,0x00000000ecd80000)
  from space 25088K, 36% used [0x00000000ecd80000,0x00000000ed669730,0x00000000ee600000)
  to   space 24576K, 0% used [0x00000000ef400000,0x00000000ef400000,0x00000000f0c00000)
 ParOldGen       total 136192K, used 62153K [0x00000000a0000000, 0x00000000a8500000, 0x00000000e0000000)
  object space 136192K, 45% used [0x00000000a0000000,0x00000000a3cb2600,0x00000000a8500000)
 Metaspace       used 84479K, capacity 88234K, committed 88344K, reserved 1126400K
  class space    used 10851K, capacity 11534K, committed 11560K, reserved 1048576K
Event: 915.791 GC heap after
Heap after GC invocations=21 (full 3):
 PSYoungGen      total 216576K, used 12867K [0x00000000e0000000, 0x00000000f0100000, 0x0000000100000000)
  eden space 203264K, 0% used [0x00000000e0000000,0x00000000e0000000,0x00000000ec680000)
  from space 13312K, 96% used [0x00000000ef400000,0x00000000f0090fc0,0x00000000f0100000)
  to   space 23552K, 0% used [0x00000000ed300000,0x00000000ed300000,0x00000000eea00000)
 ParOldGen       total 136192K, used 62161K [0x00000000a0000000, 0x00000000a8500000, 0x00000000e0000000)
  object space 136192K, 45% used [0x00000000a0000000,0x00000000a3cb4600,0x00000000a8500000)
 Metaspace       used 84479K, capacity 88234K, committed 88344K, reserved 1126400K
  class space    used 10851K, capacity 11534K, committed 11560K, reserved 1048576K
}
Event: 917.451 GC heap before
{Heap before GC invocations=22 (full 3):
 PSYoungGen      total 216576K, used 216031K [0x00000000e0000000, 0x00000000f0100000, 0x0000000100000000)
  eden space 203264K, 99% used [0x00000000e0000000,0x00000000ec666f08,0x00000000ec680000)
  from space 13312K, 96% used [0x00000000ef400000,0x00000000f0090fc0,0x00000000f0100000)
  to   space 23552K, 0% used [0x00000000ed300000,0x00000000ed300000,0x00000000eea00000)
 ParOldGen       total 136192K, used 62161K [0x00000000a0000000, 0x00000000a8500000, 0x00000000e0000000)
  object space 136192K, 45% used [0x00000000a0000000,0x00000000a3cb4600,0x00000000a8500000)
 Metaspace       used 84944K, capacity 88716K, committed 88984K, reserved 1126400K
  class space    used 10862K, capacity 11573K, committed 11688K, reserved 1048576K
Event: 917.511 GC heap after
Heap after GC invocations=22 (full 3):
 PSYoungGen      total 239616K, used 23538K [0x00000000e0000000, 0x00000000f1600000, 0x0000000100000000)
  eden space 216064K, 0% used [0x00000000e0000000,0x00000000e0000000,0x00000000ed300000)
  from space 23552K, 99% used [0x00000000ed300000,0x00000000ee9fc950,0x00000000eea00000)
  to   space 30208K, 0% used [0x00000000ef880000,0x00000000ef880000,0x00000000f1600000)
 ParOldGen       total 136192K, used 71631K [0x00000000a0000000, 0x00000000a8500000, 0x00000000e0000000)
  object space 136192K, 52% used [0x00000000a0000000,0x00000000a45f3de0,0x00000000a8500000)
 Metaspace       used 84944K, capacity 88716K, committed 88984K, reserved 1126400K
  class space    used 10862K, capacity 11573K, committed 11688K, reserved 1048576K
}
Event: 1033.214 GC heap before
{Heap before GC invocations=23 (full 3):
 PSYoungGen      total 239616K, used 239602K [0x00000000e0000000, 0x00000000f1600000, 0x0000000100000000)
  eden space 216064K, 100% used [0x00000000e0000000,0x00000000ed300000,0x00000000ed300000)
  from space 23552K, 99% used [0x00000000ed300000,0x00000000ee9fc950,0x00000000eea00000)
  to   space 30208K, 0% used [0x00000000ef880000,0x00000000ef880000,0x00000000f1600000)
 ParOldGen       total 136192K, used 71631K [0x00000000a0000000, 0x00000000a8500000, 0x00000000e0000000)
  object space 136192K, 52% used [0x00000000a0000000,0x00000000a45f3de0,0x00000000a8500000)
 Metaspace       used 85489K, capacity 89256K, committed 89496K, reserved 1126400K
  class space    used 10905K, capacity 11593K, committed 11688K, reserved 1048576K
Event: 1033.258 GC heap after
Heap after GC invocations=23 (full 3):
 PSYoungGen      total 253440K, used 21991K [0x00000000e0000000, 0x00000000f2200000, 0x0000000100000000)
  eden space 223232K, 0% used [0x00000000e0000000,0x00000000e0000000,0x00000000eda00000)
  from space 30208K, 72% used [0x00000000ef880000,0x00000000f0df9c00,0x00000000f1600000)
  to   space 31232K, 0% used [0x00000000eda00000,0x00000000eda00000,0x00000000ef880000)
 ParOldGen       total 136192K, used 75155K [0x00000000a0000000, 0x00000000a8500000, 0x00000000e0000000)
  object space 136192K, 55% used [0x00000000a0000000,0x00000000a4964e30,0x00000000a8500000)
 Metaspace       used 85489K, capacity 89256K, committed 89496K, reserved 1126400K
  class space    used 10905K, capacity 11593K, committed 11688K, reserved 1048576K
}
Event: 1347.377 GC heap before
{Heap before GC invocations=24 (full 3):
 PSYoungGen      total 253440K, used 244863K [0x00000000e0000000, 0x00000000f2200000, 0x0000000100000000)
  eden space 223232K, 99% used [0x00000000e0000000,0x00000000ed9a6278,0x00000000eda00000)
  from space 30208K, 72% used [0x00000000ef880000,0x00000000f0df9c00,0x00000000f1600000)
  to   space 31232K, 0% used [0x00000000eda00000,0x00000000eda00000,0x00000000ef880000)
 ParOldGen       total 136192K, used 75155K [0x00000000a0000000, 0x00000000a8500000, 0x00000000e0000000)
  object space 136192K, 55% used [0x00000000a0000000,0x00000000a4964e30,0x00000000a8500000)
 Metaspace       used 86064K, capacity 90088K, committed 90264K, reserved 1128448K
  class space    used 10952K, capacity 11685K, committed 11688K, reserved 1048576K

